Build started 12/7/2014 9:54:00 PM.
     1>Project "C:\Users\Dane\Documents\GitHub\Alien-Game\Final Project\Final Project\Final Project.vcxproj" on node 2 (Build target(s)).
     1>ClCompile:
         C:\Program Files (x86)\Microsoft Visual Studio 12.0\VC\bin\CL.exe /c /ZI /nologo /W3 /WX- /Od /Oy- /D WIN32 /D _DEBUG /D _CONSOLE /D _LIB /D _UNICODE /D UNICODE /Gm /EHsc /RTC1 /MDd /GS /fp:precise /Zc:wchar_t /Zc:forScope /Fo"Debug\\" /Fd"Debug\vc120.pdb" /Gd /TP /analyze- /errorReport:prompt Source.cpp
         Source.cpp
     1>c:\users\dane\documents\github\alien-game\final project\final project\source.cpp(8): error C2144: syntax error : 'char' should be preceded by ';'
     1>c:\users\dane\documents\github\alien-game\final project\final project\source.cpp(8): error C2761: 'void Dialogue::firstChoiceLeft(void)' : member function redeclaration not allowed
     1>c:\users\dane\documents\github\alien-game\final project\final project\source.cpp(31): warning C4060: switch statement contains no 'case' or 'default' labels
     1>Done Building Project "C:\Users\Dane\Documents\GitHub\Alien-Game\Final Project\Final Project\Final Project.vcxproj" (Build target(s)) -- FAILED.

Build FAILED.

Time Elapsed 00:00:01.47
